<?xml version="1.0" encoding="utf-8"?><testsuites><testsuite errors="0" failures="0" hostname="mikhail" name="pytest" skipped="0" tests="3" time="22.135" timestamp="2019-11-21T22:06:29.658503"><testcase classname="bdd.group_scenarios" file="env\lib\site-packages\pytest_bdd\scenario.py" line="224" name="test_add_new_group[name1-header1-footer1]" time="17.552"></testcase><testcase classname="bdd.group_scenarios" file="env\lib\site-packages\pytest_bdd\scenario.py" line="224" name="test_add_new_group[name2-header2-footer2]" time="1.667"></testcase><testcase classname="bdd.group_scenarios" file="env\lib\site-packages\pytest_bdd\scenario.py" line="224" name="test_delete_group" time="2.792"></testcase></testsuite></testsuites>